<?xml version="1.0" encoding="UTF-8"?>
<!-- Generated by org.testng.reporters.JUnitXMLReporter -->
<testsuite ignored="0" hostname="Vigneshs-MacBook-Pro.local" failures="0" tests="2" name="ECOM TestCase 1 Login" time="24.227" errors="0" timestamp="2024-02-03T12:18:39 IST">
  <testcase classname="org.wikiAutomation.ECom_TestCase_1" name="fillFormWithoutName" time="9.605"/>
  <testcase classname="org.wikiAutomation.ECom_TestCase_1" name="fillForm" time="5.54"/>
</testsuite> <!-- ECOM TestCase 1 Login -->
