<?xml version="1.0" encoding="UTF-8"?>
<testng-results ignored="0" total="2" passed="2" failed="0" skipped="0">
  <reporter-output>
  </reporter-output>
  <suite started-at="2024-02-03T12:18:10 IST" name="Suite" finished-at="2024-02-03T12:18:39 IST" duration-ms="29453">
    <groups>
      <group name="Smoke">
        <method signature="ECom_TestCase_1.fillFormWithoutName()[pri:0, instance:org.wikiAutomation.ECom_TestCase_1@1972e513]" name="fillFormWithoutName" class="org.wikiAutomation.ECom_TestCase_1"/>
        <method signature="ECom_TestCase_1.fillForm()[pri:1, instance:org.wikiAutomation.ECom_TestCase_1@1972e513]" name="fillForm" class="org.wikiAutomation.ECom_TestCase_1"/>
      </group> <!-- Smoke -->
    </groups>
    <test started-at="2024-02-03T12:18:10 IST" name="ECOM TestCase 1 Login" finished-at="2024-02-03T12:18:34 IST" duration-ms="24227">
      <class name="org.wikiAutomation.ECom_TestCase_1">
        <test-method is-config="true" signature="configureAppium()[pri:0, instance:org.wikiAutomation.ECom_TestCase_1@1972e513]" started-at="2024-02-03T12:18:10 IST" name="configureAppium" finished-at="2024-02-03T12:18:15 IST" duration-ms="5579" status="PASS">
          <reporter-output>
          </reporter-output>
        </test-method> <!-- configureAppium -->
        <test-method signature="fillFormWithoutName()[pri:0, instance:org.wikiAutomation.ECom_TestCase_1@1972e513]" started-at="2024-02-03T12:18:15 IST" name="fillFormWithoutName" finished-at="2024-02-03T12:18:25 IST" duration-ms="9605" status="PASS">
          <reporter-output>
          </reporter-output>
        </test-method> <!-- fillFormWithoutName -->
        <test-method signature="fillForm()[pri:1, instance:org.wikiAutomation.ECom_TestCase_1@1972e513]" started-at="2024-02-03T12:18:25 IST" name="fillForm" finished-at="2024-02-03T12:18:30 IST" duration-ms="5540" status="PASS">
          <reporter-output>
          </reporter-output>
        </test-method> <!-- fillForm -->
        <test-method is-config="true" signature="tearDown()[pri:0, instance:org.wikiAutomation.ECom_TestCase_1@1972e513]" started-at="2024-02-03T12:18:30 IST" name="tearDown" finished-at="2024-02-03T12:18:34 IST" duration-ms="3466" status="PASS">
          <reporter-output>
          </reporter-output>
        </test-method> <!-- tearDown -->
      </class> <!-- org.wikiAutomation.ECom_TestCase_1 -->
    </test> <!-- ECOM TestCase 1 Login -->
    <test started-at="2024-02-03T12:18:39 IST" name="ECOM TestCase 2 Other E2E" finished-at="2024-02-03T12:18:39 IST" duration-ms="1">
    </test> <!-- ECOM TestCase 2 Other E2E -->
    <test started-at="2024-02-03T12:18:39 IST" name="iOS Test Cases" finished-at="2024-02-03T12:18:39 IST" duration-ms="1">
    </test> <!-- iOS Test Cases -->
  </suite> <!-- Suite -->
</testng-results>
